#0  0xb2edae9a in base::AtExitManager::RegisterCallback (
    func=func@entry=0xb2c8ac75 <base::LazyInstance<base::ThreadLocalPointer<IPC::SyncChannel::ReceivedSyncMsgQueue>, base::DefaultLazyInstanceTraits<base::ThreadLocalPointer<IPC::SyncChannel::ReceivedSyncMsgQueue> > >::OnExit(void*)>, 
    param=param@entry=0xb2ca185c <IPC::SyncChannel::ReceivedSyncMsgQueue::lazy_tls_ptr_>)
    at /home/xq.qxq/project/codebase_host/third_party/chromium_org/base/at_exit.cc:60
#1  0xb2ef6b86 in base::internal::CompleteLazyInstance (
    state=state@entry=0xb2ca185c <IPC::SyncChannel::ReceivedSyncMsgQueue::lazy_tls_ptr_>, new_instance=new_instance@entry=-1295378336, 
    lazy_instance=lazy_instance@entry=0xb2ca185c <IPC::SyncChannel::ReceivedSyncMsgQueue::lazy_tls_ptr_>, 
    dtor=0xb2c8ac75 <base::LazyInstance<base::ThreadLocalPointer<IPC::SyncChannel::ReceivedSyncMsgQueue>, base::DefaultLazyInstanceTraits<base::ThreadLocalPointer<IPC::SyncChannel::ReceivedSyncMsgQueue> > >::OnExit(void*)>)
    at /home/xq.qxq/project/codebase_host/third_party/chromium_org/base/lazy_instance.cc:52
#2  0xb2c8a8aa in Pointer (
    this=0xb2ca185c <IPC::SyncChannel::ReceivedSyncMsgQueue::lazy_tls_ptr_>)
    at /home/xq.qxq/project/codebase_host/third_party/chromium_org/ipc/../base/lazy_instance.h:167
#3  RemoveContext (context=0xb0f02a90, this=0xb0f033c0)
    at /home/xq.qxq/project/codebase_host/third_party/chromium_org/ipc/ipc_sync_channel.cc:151
#4  IPC::SyncChannel::SyncContext::Clear (this=0xb0f02a90)
    at /home/xq.qxq/project/codebase_host/third_party/chromium_org/ipc/ipc_sync_channel.cc:326
#5  0xb2c8434c in IPC::ChannelProxy::Close (this=this@entry=0xb0f06bb8)
    at /home/xq.qxq/project/codebase_host/third_party/chromium_org/ipc/ipc_channel_proxy.cc:450
#6  0xb2c8437c in IPC::ChannelProxy::~ChannelProxy (this=0xb0f06bb8, 
    __in_chrg=<optimized out>)
    at /home/xq.qxq/project/codebase_host/third_party/chromium_org/ipc/ipc_channel_proxy.cc:401
#7  0xb2c8a678 in IPC::SyncChannel::~SyncChannel (this=0xb0f06bb8, 
    __in_chrg=<optimized out>)
    at /home/xq.qxq/project/codebase_host/third_party/chromium_org/ipc/ipc_sync_channel.cc:455
#8  0xb2c8a68c in IPC::SyncChannel::~SyncChannel (this=0xb0f06bb8, 
    __in_chrg=<optimized out>)
    at /home/xq.qxq/project/codebase_host/third_party/chromium_org/ipc/ipc_sync_channel.cc:456
#9  0xb3560e9e in operator() (this=0xb0e02b30, ptr=<optimized out>)
    at /home/xq.qxq/project/codebase_host/third_party/chromium_org/base/memory/scoped_ptr.h:128
#10 reset (p=0x0, this=0xb0e02b30)
    at /home/xq.qxq/project/codebase_host/third_party/chromium_org/base/memory/scoped_ptr.h:244
#11 ~scoped_ptr_impl (this=0xb0e02b30, __in_chrg=<optimized out>)
    at /home/xq.qxq/project/codebase_host/third_party/chromium_org/base/memory/scoped_ptr.h:229
#12 ~scoped_ptr (this=0xb0e02b30, __in_chrg=<optimized out>)
    at /home/xq.qxq/project/codebase_host/third_party/chromium_org/base/memory/scoped_ptr.h:307
#13 content::NetIOThread::~NetIOThread (this=0xb0e02b28, 
    __in_chrg=<optimized out>)
    at /home/xq.qxq/project/codebase_host/framework/libs/network/client/content/child/net_io_thread.cc:33
#14 0xb3561388 in ~NetIOThread (this=0xb0e02b28, __in_chrg=<optimized out>)
    at /home/xq.qxq/project/codebase_host/framework/libs/network/client/content/child/net_io_thread.cc:37
#15 Delete (x=0xb0e02b28)
    at /home/xq.qxq/project/codebase_host/third_party/chromium_org/base/memory/singleton.h:58
#16 base::Singleton<content::NetIOThread, base::DefaultSingletonTraits<content::NetIOThread>, content::NetIOThread>::OnExit ()
    at /home/xq.qxq/project/codebase_host/third_party/chromium_org/base/memory/singleton.h:272
#17 0xb2eda500 in Run (this=0xbe865a24)
    at /home/xq.qxq/project/codebase_host/third_party/chromium_org/base/../base/callback.h:396
#18 base::AtExitManager::ProcessCallbacksNow ()
    at /home/xq.qxq/project/codebase_host/third_party/chromium_org/base/at_exit.cc:95
#19 0xb2eda6fa in base::AtExitManager::~AtExitManager (this=0x147c6f8, 
    __in_chrg=<optimized out>)
    at /home/xq.qxq/project/codebase_host/third_party/chromium_org/base/at_exit.cc:49
#20 0xb35a34fe in operator() (this=0xb35ce70c <g_exit_manager_>, 
    ptr=0x147c6f8)
    at /home/xq.qxq/project/codebase_host/third_party/chromium_org/base/memory/scoped_ptr.h:128
#21 reset (p=0x0, this=0xb35ce70c <g_exit_manager_>)
    at /home/xq.qxq/project/codebase_host/third_party/chromium_org/base/memory/scoped_ptr.h:244
#22 ~scoped_ptr_impl (this=0xb35ce70c <g_exit_manager_>, 
    __in_chrg=<optimized out>)
    at /home/xq.qxq/project/codebase_host/third_party/chromium_org/base/memory/scoped_ptr.h:229
#23 scoped_ptr<base::AtExitManager, base::DefaultDeleter<base::AtExitManager> >::~scoped_ptr (this=0xb35ce70c <g_exit_manager_>, __in_chrg=<optimized out>)
    at /home/xq.qxq/project/codebase_host/third_party/chromium_org/base/memory/scoped_ptr.h:307
#24 0xb6b0f204 in ?? () from /usr/lib/libc.so.6
#25 0xb6b0f258 in exit () from /usr/lib/libc.so.6
#26 0xb6af66d8 in __libc_start_main () from /usr/lib/libc.so.6
#27 0x000107b0 in _start ()
